[debug] [2022-11-28T14:44:09.450Z] ----------------------------------------------------------------------
[debug] [2022-11-28T14:44:09.453Z] Command:       C:\Program Files\nodejs\node.exe C:\Users\AHAD HASAN\AppData\Roaming\npm\node_modules\firebase-tools\lib\bin\firebase.js init
[debug] [2022-11-28T14:44:09.454Z] CLI Version:   11.14.4
[debug] [2022-11-28T14:44:09.454Z] Platform:      win32
[debug] [2022-11-28T14:44:09.454Z] Node Version:  v18.12.1
[debug] [2022-11-28T14:44:09.480Z] Time:          Mon Nov 28 2022 20:44:09 GMT+0600 (Bangladesh Standard Time)
[debug] [2022-11-28T14:44:09.480Z] ----------------------------------------------------------------------
[debug] 
[debug] [2022-11-28T14:44:09.486Z] >>> [apiv2][query] GET https://firebase-public.firebaseio.com/cli.json [none]
[debug] [2022-11-28T14:44:09.558Z] > command requires scopes: ["email","openid","https://www.googleapis.com/auth/cloudplatformprojects.readonly","https://www.googleapis.com/auth/firebase","https://www.googleapis.com/auth/cloud-platform"]
[debug] [2022-11-28T14:44:09.559Z] > authorizing via signed-in user (niallhoran3176@gmail.com)
[info] 
     ######## #### ########  ######## ########     ###     ######  ########
     ##        ##  ##     ## ##       ##     ##  ##   ##  ##       ##
     ######    ##  ########  ######   ########  #########  ######  ######
     ##        ##  ##    ##  ##       ##     ## ##     ##       ## ##
     ##       #### ##     ## ######## ########  ##     ##  ######  ########

You're about to initialize a Firebase project in this directory:

  H:\Projects\carbs

[debug] [2022-11-28T14:44:10.324Z] <<< [apiv2][status] GET https://firebase-public.firebaseio.com/cli.json 200
[debug] [2022-11-28T14:44:10.326Z] <<< [apiv2][body] GET https://firebase-public.firebaseio.com/cli.json {"cloudBuildErrorAfter":1594252800000,"cloudBuildWarnAfter":1590019200000,"defaultNode10After":1594252800000,"minVersion":"3.0.5","node8DeploysDisabledAfter":1613390400000,"node8RuntimeDisabledAfter":1615809600000,"node8WarnAfter":1600128000000}
[info] 
=== Project Setup
[info] 
[info] First, let's associate this project directory with a Firebase project.
[info] You can create multiple project aliases by running firebase use --add, 
[info] but for now we'll just set up a default project.
[info] 
[debug] [2022-11-28T16:27:06.011Z] > refreshing access token with scopes: []
[debug] [2022-11-28T16:27:06.048Z] >>> [apiv2][query] POST https://www.googleapis.com/oauth2/v3/token [none]
[debug] [2022-11-28T16:27:06.048Z] >>> [apiv2][body] POST https://www.googleapis.com/oauth2/v3/token [omitted]
[debug] [2022-11-28T16:27:06.538Z] <<< [apiv2][status] POST https://www.googleapis.com/oauth2/v3/token 200
[debug] [2022-11-28T16:27:06.538Z] <<< [apiv2][body] POST https://www.googleapis.com/oauth2/v3/token [omitted]
[debug] [2022-11-28T16:27:06.609Z] >>> [apiv2][query] GET https://firebase.googleapis.com/v1beta1/projects pageSize=100
[debug] [2022-11-28T16:27:07.552Z] <<< [apiv2][status] GET https://firebase.googleapis.com/v1beta1/projects 200
[debug] [2022-11-28T16:27:07.552Z] <<< [apiv2][body] GET https://firebase.googleapis.com/v1beta1/projects [omitted]
[info] i  Using project carbs-1687c (carbs) 
[info] 
=== Hosting Setup
[info] 
[info] Your public directory is the folder (relative to your project directory) that
[info] will contain Hosting assets to be uploaded with firebase deploy. If you
[info] have a build process for your assets, use your build's output directory.
[info] 
